Copyright 1986-2022 Xilinx, Inc. All Rights Reserved.
------------------------------------------------------------------------------------
| Tool Version : Vivado v.2022.2 (win64) Build 3671981 Fri Oct 14 05:00:03 MDT 2022
| Date         : Fri Sep 27 22:49:54 2024
| Host         : EthanWindows running 64-bit major release  (build 9200)
| Command      : report_control_sets -verbose -file system_control_sets_placed.rpt
| Design       : system
| Device       : xc7a35t
------------------------------------------------------------------------------------

Control Set Information

Table of Contents
-----------------
1. Summary
2. Histogram
3. Flip-Flop Distribution
4. Detailed Control Set Information

1. Summary
----------

+----------------------------------------------------------+-------+
|                          Status                          | Count |
+----------------------------------------------------------+-------+
| Total control sets                                       |    11 |
|    Minimum number of control sets                        |    11 |
|    Addition due to synthesis replication                 |     0 |
|    Addition due to physical synthesis replication        |     0 |
| Unused register locations in slices containing registers |    29 |
+----------------------------------------------------------+-------+
* Control sets can be merged at opt_design using control_set_merge or merge_equivalent_drivers
** Run report_qor_suggestions for automated merging and remapping suggestions


2. Histogram
------------

+--------------------+-------+
|       Fanout       | Count |
+--------------------+-------+
| Total control sets |    11 |
| >= 0 to < 4        |     0 |
| >= 4 to < 6        |     0 |
| >= 6 to < 8        |     1 |
| >= 8 to < 10       |     0 |
| >= 10 to < 12      |     0 |
| >= 12 to < 14      |     1 |
| >= 14 to < 16      |     1 |
| >= 16              |     8 |
+--------------------+-------+
* Control sets can be remapped at either synth_design or opt_design


3. Flip-Flop Distribution
-------------------------

+--------------+-----------------------+------------------------+-----------------+--------------+
| Clock Enable | Synchronous Set/Reset | Asynchronous Set/Reset | Total Registers | Total Slices |
+--------------+-----------------------+------------------------+-----------------+--------------+
| No           | No                    | No                     |              22 |            9 |
| No           | No                    | Yes                    |              30 |           11 |
| No           | Yes                   | No                     |              84 |           23 |
| Yes          | No                    | No                     |               0 |            0 |
| Yes          | No                    | Yes                    |             118 |           33 |
| Yes          | Yes                   | No                     |              13 |            8 |
+--------------+-----------------------+------------------------+-----------------+--------------+


4. Detailed Control Set Information
-----------------------------------

+----------------+----------------------------------------+-------------------------------------------+------------------+----------------+--------------+
|  Clock Signal  |              Enable Signal             |              Set/Reset Signal             | Slice Load Count | Bel Load Count | Bels / Slice |
+----------------+----------------------------------------+-------------------------------------------+------------------+----------------+--------------+
|  clk_IBUF_BUFG | fitbit_tracker/walk9_count             | sw_IBUF[1]                                |                2 |              7 |         3.50 |
|  clk_IBUF_BUFG | pulse_generator/sec_elapsed[7]_i_2_n_0 | pulse_generator/sec_elapsed               |                8 |             13 |         1.62 |
|  clk_IBUF_BUFG | fitbit_tracker/sec/sel                 | sw_IBUF[1]                                |                4 |             14 |         3.50 |
|  clk_IBUF_BUFG |                                        |                                           |                9 |             22 |         2.44 |
|  clk_IBUF_BUFG | pulse_generator/pulse                  | sw_IBUF[1]                                |                7 |             26 |         3.71 |
|  clk_IBUF_BUFG |                                        | fitbit_tracker/sec/counter[27]_i_1_n_0    |                8 |             28 |         3.50 |
|  clk_IBUF_BUFG |                                        | pulse_generator/second_counter[0]_i_1_n_0 |                7 |             28 |         4.00 |
|  clk_IBUF_BUFG |                                        | pulse_generator/clk_counter[27]_i_1_n_0   |                8 |             28 |         3.50 |
|  clk_IBUF_BUFG |                                        | sw_IBUF[1]                                |               11 |             30 |         2.73 |
|  clk_IBUF_BUFG | fitbit_tracker/sec/E[0]                | sw_IBUF[1]                                |                9 |             31 |         3.44 |
|  clk_IBUF_BUFG | fitbit_tracker/sec/sec_pulse           | sw_IBUF[1]                                |               11 |             40 |         3.64 |
+----------------+----------------------------------------+-------------------------------------------+------------------+----------------+--------------+


