
*** Running vivado
    with args -log system.vds -m64 -product Vivado -mode batch -messageDb vivado.pb -notrace -source system.tcl



****** Vivado v2022.2 (64-bit)
  **** SW Build 3671981 on Fri Oct 14 05:00:03 MDT 2022
  **** IP Build 3669848 on Fri Oct 14 08:30:02 MDT 2022
    ** Copyright 1986-2022 Xilinx, Inc. All Rights Reserved.

source system.tcl -notrace
Command: read_checkpoint -auto_incremental -incremental C:/Users/Ethan/Desktop/Classes/ECE460M-DigitalSysDesign/Labs/Lab3/Lab3.srcs/utils_1/imports/synth_1/FitBit_Tracker.dcp
INFO: [Vivado 12-5825] Read reference checkpoint from C:/Users/Ethan/Desktop/Classes/ECE460M-DigitalSysDesign/Labs/Lab3/Lab3.srcs/utils_1/imports/synth_1/FitBit_Tracker.dcp for incremental synthesis
INFO: [Vivado 12-7989] Please ensure there are no constraint changes
Command: synth_design -top system -part xc7a35tcpg236-1
Starting synth_design
Attempting to get a license for feature 'Synthesis' and/or device 'xc7a35t'
INFO: [Common 17-349] Got license for feature 'Synthesis' and/or device 'xc7a35t'
INFO: [Device 21-403] Loading part xc7a35tcpg236-1
INFO: [Designutils 20-5440] No compile time benefit to using incremental synthesis; A full resynthesis will be run
INFO: [Designutils 20-4379] Flow is switching to default flow due to incremental criteria not met. If you would like to alter this behaviour and have the flow terminate instead, please set the following parameter config_implementation {autoIncr.Synth.RejectBehavior Terminate}
INFO: [Synth 8-7079] Multithreading enabled for synth_design using a maximum of 2 processes.
INFO: [Synth 8-7078] Launching helper process for spawning children vivado processes
INFO: [Synth 8-7075] Helper process launched with PID 22052
INFO: [Synth 8-11241] undeclared symbol 'REGCCE', assumed default net type 'wire' [C:/Xilinx/Vivado/2022.2/data/verilog/src/unimacro/BRAM_SINGLE_MACRO.v:2170]
---------------------------------------------------------------------------------
Starting RTL Elaboration : Time (s): cpu = 00:00:04 ; elapsed = 00:00:04 . Memory (MB): peak = 1204.621 ; gain = 408.000
---------------------------------------------------------------------------------
INFO: [Synth 8-6157] synthesizing module 'system' [C:/Users/Ethan/Desktop/Classes/ECE460M-DigitalSysDesign/Labs/Lab3/Lab3.srcs/sources_1/new/system.v:1]
INFO: [Synth 8-6157] synthesizing module 'pulse_gen' [C:/Users/Ethan/Desktop/Classes/ECE460M-DigitalSysDesign/Labs/Lab3/Lab3.srcs/sources_1/new/pulse_gen.v:23]
INFO: [Synth 8-6155] done synthesizing module 'pulse_gen' (0#1) [C:/Users/Ethan/Desktop/Classes/ECE460M-DigitalSysDesign/Labs/Lab3/Lab3.srcs/sources_1/new/pulse_gen.v:23]
INFO: [Synth 8-6157] synthesizing module 'FitBit_Tracker' [C:/Users/Ethan/Desktop/Classes/ECE460M-DigitalSysDesign/Labs/Lab3/Lab3.srcs/sources_1/new/FitBit_Tracker.v:23]
INFO: [Synth 8-6157] synthesizing module 'sec_gen' [C:/Users/Ethan/Desktop/Classes/ECE460M-DigitalSysDesign/Labs/Lab3/Lab3.srcs/sources_1/new/sec_gen.v:23]
INFO: [Synth 8-6155] done synthesizing module 'sec_gen' (0#1) [C:/Users/Ethan/Desktop/Classes/ECE460M-DigitalSysDesign/Labs/Lab3/Lab3.srcs/sources_1/new/sec_gen.v:23]
INFO: [Synth 8-6155] done synthesizing module 'FitBit_Tracker' (0#1) [C:/Users/Ethan/Desktop/Classes/ECE460M-DigitalSysDesign/Labs/Lab3/Lab3.srcs/sources_1/new/FitBit_Tracker.v:23]
INFO: [Synth 8-6157] synthesizing module 'Binary_to_BCD_Saturated' [C:/Users/Ethan/Desktop/Classes/ECE460M-DigitalSysDesign/Labs/Lab3/Lab3.srcs/sources_1/new/Binary_to_BCD_Saturated.v:22]
INFO: [Synth 8-6155] done synthesizing module 'Binary_to_BCD_Saturated' (0#1) [C:/Users/Ethan/Desktop/Classes/ECE460M-DigitalSysDesign/Labs/Lab3/Lab3.srcs/sources_1/new/Binary_to_BCD_Saturated.v:22]
INFO: [Synth 8-6157] synthesizing module 'Seven_Segment_Display_Controller' [C:/Users/Ethan/Desktop/Classes/ECE460M-DigitalSysDesign/Labs/Lab3/Lab3.srcs/sources_1/new/Seven_Segment_Display_Controller.v:22]
INFO: [Synth 8-6155] done synthesizing module 'Seven_Segment_Display_Controller' (0#1) [C:/Users/Ethan/Desktop/Classes/ECE460M-DigitalSysDesign/Labs/Lab3/Lab3.srcs/sources_1/new/Seven_Segment_Display_Controller.v:22]
INFO: [Synth 8-6155] done synthesizing module 'system' (0#1) [C:/Users/Ethan/Desktop/Classes/ECE460M-DigitalSysDesign/Labs/Lab3/Lab3.srcs/sources_1/new/system.v:1]
WARNING: [Synth 8-7137] Register decOn_reg in module FitBit_Tracker has both Set and reset with same priority. This may cause simulation mismatches. Consider rewriting code  [C:/Users/Ethan/Desktop/Classes/ECE460M-DigitalSysDesign/Labs/Lab3/Lab3.srcs/sources_1/new/FitBit_Tracker.v:96]
---------------------------------------------------------------------------------
Finished RTL Elaboration : Time (s): cpu = 00:00:05 ; elapsed = 00:00:05 . Memory (MB): peak = 1296.285 ; gain = 499.664
---------------------------------------------------------------------------------
---------------------------------------------------------------------------------
Start Handling Custom Attributes
---------------------------------------------------------------------------------
---------------------------------------------------------------------------------
Finished Handling Custom Attributes : Time (s): cpu = 00:00:06 ; elapsed = 00:00:05 . Memory (MB): peak = 1296.285 ; gain = 499.664
---------------------------------------------------------------------------------
---------------------------------------------------------------------------------
Finished RTL Optimization Phase 1 : Time (s): cpu = 00:00:06 ; elapsed = 00:00:05 . Memory (MB): peak = 1296.285 ; gain = 499.664
---------------------------------------------------------------------------------
Netlist sorting complete. Time (s): cpu = 00:00:00 ; elapsed = 00:00:00.006 . Memory (MB): peak = 1296.285 ; gain = 0.000
INFO: [Project 1-570] Preparing netlist for logic optimization

Processing XDC Constraints
Initializing timing engine
Parsing XDC File [C:/Users/Ethan/Desktop/Classes/ECE460M-DigitalSysDesign/Labs/Lab3/Lab3.srcs/constrs_1/new/system.xdc]
Finished Parsing XDC File [C:/Users/Ethan/Desktop/Classes/ECE460M-DigitalSysDesign/Labs/Lab3/Lab3.srcs/constrs_1/new/system.xdc]
INFO: [Project 1-236] Implementation specific constraints were found while reading constraint file [C:/Users/Ethan/Desktop/Classes/ECE460M-DigitalSysDesign/Labs/Lab3/Lab3.srcs/constrs_1/new/system.xdc]. These constraints will be ignored for synthesis but will be used in implementation. Impacted constraints are listed in the file [.Xil/system_propImpl.xdc].
Resolution: To avoid this warning, move constraints listed in [.Xil/system_propImpl.xdc] to another XDC file and exclude this new file from synthesis with the used_in_synthesis property (File Properties dialog in GUI) and re-run elaboration/synthesis.
Completed Processing XDC Constraints

Netlist sorting complete. Time (s): cpu = 00:00:00 ; elapsed = 00:00:00.001 . Memory (MB): peak = 1357.766 ; gain = 0.000
INFO: [Project 1-111] Unisim Transformation Summary:
No Unisim elements were transformed.

Constraint Validation Runtime : Time (s): cpu = 00:00:00 ; elapsed = 00:00:00.002 . Memory (MB): peak = 1357.766 ; gain = 0.000
INFO: [Designutils 20-5440] No compile time benefit to using incremental synthesis; A full resynthesis will be run
INFO: [Designutils 20-4379] Flow is switching to default flow due to incremental criteria not met. If you would like to alter this behaviour and have the flow terminate instead, please set the following parameter config_implementation {autoIncr.Synth.RejectBehavior Terminate}
INFO: [Synth 8-11241] undeclared symbol 'REGCCE', assumed default net type 'wire' [C:/Xilinx/Vivado/2022.2/data/verilog/src/unimacro/BRAM_SINGLE_MACRO.v:2170]
---------------------------------------------------------------------------------
Finished Constraint Validation : Time (s): cpu = 00:00:11 ; elapsed = 00:00:11 . Memory (MB): peak = 1357.766 ; gain = 561.145
---------------------------------------------------------------------------------
---------------------------------------------------------------------------------
Start Loading Part and Timing Information
---------------------------------------------------------------------------------
Loading part: xc7a35tcpg236-1
---------------------------------------------------------------------------------
Finished Loading Part and Timing Information : Time (s): cpu = 00:00:11 ; elapsed = 00:00:11 . Memory (MB): peak = 1357.766 ; gain = 561.145
---------------------------------------------------------------------------------
---------------------------------------------------------------------------------
Start Applying 'set_property' XDC Constraints
---------------------------------------------------------------------------------
---------------------------------------------------------------------------------
Finished applying 'set_property' XDC Constraints : Time (s): cpu = 00:00:11 ; elapsed = 00:00:11 . Memory (MB): peak = 1357.766 ; gain = 561.145
---------------------------------------------------------------------------------
---------------------------------------------------------------------------------
Finished RTL Optimization Phase 2 : Time (s): cpu = 00:00:12 ; elapsed = 00:00:12 . Memory (MB): peak = 1357.766 ; gain = 561.145
---------------------------------------------------------------------------------
---------------------------------------------------------------------------------
Start RTL Component Statistics 
---------------------------------------------------------------------------------
Detailed RTL Component Info : 
+---Adders : 
	   2 Input   32 Bit       Adders := 1     
	   3 Input   32 Bit       Adders := 1     
	   2 Input   31 Bit       Adders := 1     
	   2 Input   28 Bit       Adders := 3     
	   2 Input   14 Bit       Adders := 1     
	   2 Input    8 Bit       Adders := 1     
	   2 Input    7 Bit       Adders := 1     
	   2 Input    2 Bit       Adders := 2     
+---Registers : 
	               31 Bit    Registers := 2     
	               28 Bit    Registers := 3     
	               14 Bit    Registers := 3     
	                8 Bit    Registers := 1     
	                7 Bit    Registers := 1     
	                2 Bit    Registers := 2     
	                1 Bit    Registers := 3     
+---Muxes : 
	   2 Input   28 Bit        Muxes := 6     
	   4 Input   28 Bit        Muxes := 1     
	   5 Input   28 Bit        Muxes := 1     
	   2 Input   14 Bit        Muxes := 1     
	   4 Input   14 Bit        Muxes := 1     
	  14 Input    7 Bit        Muxes := 1     
	   2 Input    4 Bit        Muxes := 4     
	   4 Input    4 Bit        Muxes := 1     
	   2 Input    1 Bit        Muxes := 6     
	   4 Input    1 Bit        Muxes := 3     
---------------------------------------------------------------------------------
Finished RTL Component Statistics 
---------------------------------------------------------------------------------
---------------------------------------------------------------------------------
Start Part Resource Summary
---------------------------------------------------------------------------------
Part Resources:
DSPs: 90 (col length:60)
BRAMs: 100 (col length: RAMB18 60 RAMB36 30)
---------------------------------------------------------------------------------
Finished Part Resource Summary
---------------------------------------------------------------------------------
---------------------------------------------------------------------------------
Start Cross Boundary and Area Optimization
---------------------------------------------------------------------------------
WARNING: [Synth 8-7080] Parallel synthesis criteria is not met
---------------------------------------------------------------------------------
Finished Cross Boundary and Area Optimization : Time (s): cpu = 00:00:17 ; elapsed = 00:00:17 . Memory (MB): peak = 1357.766 ; gain = 561.145
---------------------------------------------------------------------------------
---------------------------------------------------------------------------------
Start Applying XDC Timing Constraints
---------------------------------------------------------------------------------
---------------------------------------------------------------------------------
Finished Applying XDC Timing Constraints : Time (s): cpu = 00:00:21 ; elapsed = 00:00:21 . Memory (MB): peak = 1357.766 ; gain = 561.145
---------------------------------------------------------------------------------
---------------------------------------------------------------------------------
Start Timing Optimization
---------------------------------------------------------------------------------
---------------------------------------------------------------------------------
Finished Timing Optimization : Time (s): cpu = 00:00:22 ; elapsed = 00:00:23 . Memory (MB): peak = 1357.766 ; gain = 561.145
---------------------------------------------------------------------------------
---------------------------------------------------------------------------------
Start Technology Mapping
---------------------------------------------------------------------------------
---------------------------------------------------------------------------------
Finished Technology Mapping : Time (s): cpu = 00:00:23 ; elapsed = 00:00:23 . Memory (MB): peak = 1357.766 ; gain = 561.145
---------------------------------------------------------------------------------
---------------------------------------------------------------------------------
Start IO Insertion
---------------------------------------------------------------------------------
---------------------------------------------------------------------------------
Start Flattening Before IO Insertion
---------------------------------------------------------------------------------
---------------------------------------------------------------------------------
Finished Flattening Before IO Insertion
---------------------------------------------------------------------------------
---------------------------------------------------------------------------------
Start Final Netlist Cleanup
---------------------------------------------------------------------------------
---------------------------------------------------------------------------------
Finished Final Netlist Cleanup
---------------------------------------------------------------------------------
---------------------------------------------------------------------------------
Finished IO Insertion : Time (s): cpu = 00:00:26 ; elapsed = 00:00:26 . Memory (MB): peak = 1357.766 ; gain = 561.145
---------------------------------------------------------------------------------
---------------------------------------------------------------------------------
Start Renaming Generated Instances
---------------------------------------------------------------------------------
---------------------------------------------------------------------------------
Finished Renaming Generated Instances : Time (s): cpu = 00:00:26 ; elapsed = 00:00:26 . Memory (MB): peak = 1357.766 ; gain = 561.145
---------------------------------------------------------------------------------
---------------------------------------------------------------------------------
Start Rebuilding User Hierarchy
---------------------------------------------------------------------------------
---------------------------------------------------------------------------------
Finished Rebuilding User Hierarchy : Time (s): cpu = 00:00:26 ; elapsed = 00:00:26 . Memory (MB): peak = 1357.766 ; gain = 561.145
---------------------------------------------------------------------------------
---------------------------------------------------------------------------------
Start Renaming Generated Ports
---------------------------------------------------------------------------------
---------------------------------------------------------------------------------
Finished Renaming Generated Ports : Time (s): cpu = 00:00:26 ; elapsed = 00:00:26 . Memory (MB): peak = 1357.766 ; gain = 561.145
---------------------------------------------------------------------------------
---------------------------------------------------------------------------------
Start Handling Custom Attributes
---------------------------------------------------------------------------------
---------------------------------------------------------------------------------
Finished Handling Custom Attributes : Time (s): cpu = 00:00:26 ; elapsed = 00:00:26 . Memory (MB): peak = 1357.766 ; gain = 561.145
---------------------------------------------------------------------------------
---------------------------------------------------------------------------------
Start Renaming Generated Nets
---------------------------------------------------------------------------------
---------------------------------------------------------------------------------
Finished Renaming Generated Nets : Time (s): cpu = 00:00:26 ; elapsed = 00:00:26 . Memory (MB): peak = 1357.766 ; gain = 561.145
---------------------------------------------------------------------------------
---------------------------------------------------------------------------------
Start Writing Synthesis Report
---------------------------------------------------------------------------------

Report BlackBoxes: 
+-+--------------+----------+
| |BlackBox name |Instances |
+-+--------------+----------+
+-+--------------+----------+

Report Cell Usage: 
+------+-------+------+
|      |Cell   |Count |
+------+-------+------+
|1     |BUFG   |     1|
|2     |CARRY4 |   176|
|3     |LUT1   |    39|
|4     |LUT2   |   170|
|5     |LUT3   |    47|
|6     |LUT4   |    87|
|7     |LUT5   |   108|
|8     |LUT6   |   271|
|9     |FDCE   |   148|
|10    |FDRE   |   118|
|11    |FDSE   |     1|
|12    |IBUF   |     5|
|13    |OBUF   |    13|
+------+-------+------+
---------------------------------------------------------------------------------
Finished Writing Synthesis Report : Time (s): cpu = 00:00:26 ; elapsed = 00:00:26 . Memory (MB): peak = 1357.766 ; gain = 561.145
---------------------------------------------------------------------------------
Synthesis finished with 0 errors, 0 critical warnings and 1 warnings.
Synthesis Optimization Runtime : Time (s): cpu = 00:00:19 ; elapsed = 00:00:25 . Memory (MB): peak = 1357.766 ; gain = 499.664
Synthesis Optimization Complete : Time (s): cpu = 00:00:26 ; elapsed = 00:00:27 . Memory (MB): peak = 1357.766 ; gain = 561.145
INFO: [Project 1-571] Translating synthesized netlist
Netlist sorting complete. Time (s): cpu = 00:00:00 ; elapsed = 00:00:00.012 . Memory (MB): peak = 1366.305 ; gain = 0.000
INFO: [Netlist 29-17] Analyzing 176 Unisim elements for replacement
INFO: [Netlist 29-28] Unisim Transformation completed in 1 CPU seconds
INFO: [Project 1-570] Preparing netlist for logic optimization
INFO: [Opt 31-138] Pushed 0 inverter(s) to 0 load pin(s).
Netlist sorting complete. Time (s): cpu = 00:00:00 ; elapsed = 00:00:00 . Memory (MB): peak = 1370.988 ; gain = 0.000
INFO: [Project 1-111] Unisim Transformation Summary:
No Unisim elements were transformed.

Synth Design complete, checksum: 30e2b305
INFO: [Common 17-83] Releasing license: Synthesis
35 Infos, 2 Warnings, 0 Critical Warnings and 0 Errors encountered.
synth_design completed successfully
synth_design: Time (s): cpu = 00:00:29 ; elapsed = 00:00:30 . Memory (MB): peak = 1370.988 ; gain = 953.098
INFO: [Common 17-1381] The checkpoint 'C:/Users/Ethan/Desktop/Classes/ECE460M-DigitalSysDesign/Labs/Lab3/Lab3.runs/synth_1/system.dcp' has been generated.
INFO: [runtcl-4] Executing : report_utilization -file system_utilization_synth.rpt -pb system_utilization_synth.pb
INFO: [Common 17-206] Exiting Vivado at Fri Sep 27 22:49:15 2024...
